build/app/intermediates/manifest_merge_blame_file/debug/manifest-merger-blame-debug-report.txt
1<?xml version="1.0" encoding="utf-8"?>
2<manifest xmlns:android="http://schemas.android.com/apk/res/android"
3    package="com.example.flutter_razorpay_demo"
4    android:versionCode="1"
5    android:versionName="1.0.0" >
6
7    <uses-sdk
8        android:minSdkVersion="19"
9        android:targetSdkVersion="33" />
10    <!--
11         The INTERNET permission is required for development. Specifically,
12         the Flutter tool needs it to communicate with the running application
13         to allow setting breakpoints, to provide hot reload, etc.
14    -->
15    <uses-permission android:name="android.permission.INTERNET" />
15-->src/debug/AndroidManifest.xml:7:5-66
15-->src/debug/AndroidManifest.xml:7:22-64
16
17    <queries>
17-->[com.razorpay:checkout:1.6.36] AndroidManifest.xml:10:5-39:15
18        <intent>
18-->[com.razorpay:checkout:1.6.36] AndroidManifest.xml:11:9-17:18
19            <action android:name="android.intent.action.VIEW" />
19-->[com.razorpay:checkout:1.6.36] AndroidManifest.xml:12:13-65
19-->[com.razorpay:checkout:1.6.36] AndroidManifest.xml:12:21-62
20
21            <data
21-->[com.razorpay:checkout:1.6.36] AndroidManifest.xml:14:13-16:38
22                android:mimeType="*/*"
22-->[com.razorpay:checkout:1.6.36] AndroidManifest.xml:15:17-39
23                android:scheme="*" />
23-->[com.razorpay:checkout:1.6.36] AndroidManifest.xml:16:17-35
24        </intent>
25        <intent>
25-->[com.razorpay:checkout:1.6.36] AndroidManifest.xml:18:9-27:18
26            <action android:name="android.intent.action.VIEW" />
26-->[com.razorpay:checkout:1.6.36] AndroidManifest.xml:12:13-65
26-->[com.razorpay:checkout:1.6.36] AndroidManifest.xml:12:21-62
27
28            <category android:name="android.intent.category.BROWSABLE" />
28-->[com.razorpay:checkout:1.6.36] AndroidManifest.xml:21:13-74
28-->[com.razorpay:checkout:1.6.36] AndroidManifest.xml:21:23-71
29
30            <data
30-->[com.razorpay:checkout:1.6.36] AndroidManifest.xml:14:13-16:38
31                android:host="pay"
32                android:mimeType="*/*"
32-->[com.razorpay:checkout:1.6.36] AndroidManifest.xml:15:17-39
33                android:scheme="upi" />
33-->[com.razorpay:checkout:1.6.36] AndroidManifest.xml:16:17-35
34        </intent>
35        <intent>
35-->[com.razorpay:checkout:1.6.36] AndroidManifest.xml:28:9-30:18
36            <action android:name="android.intent.action.MAIN" />
36-->[com.razorpay:checkout:1.6.36] AndroidManifest.xml:29:13-65
36-->[com.razorpay:checkout:1.6.36] AndroidManifest.xml:29:21-62
37        </intent>
38        <intent>
38-->[com.razorpay:checkout:1.6.36] AndroidManifest.xml:31:9-35:18
39            <action android:name="android.intent.action.SEND" />
39-->[com.razorpay:checkout:1.6.36] AndroidManifest.xml:32:13-65
39-->[com.razorpay:checkout:1.6.36] AndroidManifest.xml:32:21-62
40
41            <data android:mimeType="*/*" />
41-->[com.razorpay:checkout:1.6.36] AndroidManifest.xml:14:13-16:38
41-->[com.razorpay:checkout:1.6.36] AndroidManifest.xml:15:17-39
42        </intent>
43        <intent>
43-->[com.razorpay:checkout:1.6.36] AndroidManifest.xml:36:9-38:18
44            <action android:name="rzp.device_token.share" />
44-->[com.razorpay:checkout:1.6.36] AndroidManifest.xml:37:13-61
44-->[com.razorpay:checkout:1.6.36] AndroidManifest.xml:37:21-58
45        </intent>
46    </queries> <!-- Include required permissions for Google Maps API to run. -->
47    <uses-permission android:name="android.permission.ACCESS_NETWORK_STATE" />
47-->[com.google.android.gms:play-services-maps:17.0.0] AndroidManifest.xml:23:5-79
47-->[com.google.android.gms:play-services-maps:17.0.0] AndroidManifest.xml:23:22-76
48
49    <uses-feature
49-->[com.google.android.gms:play-services-maps:17.0.0] AndroidManifest.xml:26:5-28:35
50        android:glEsVersion="0x00020000"
50-->[com.google.android.gms:play-services-maps:17.0.0] AndroidManifest.xml:27:9-41
51        android:required="true" />
51-->[com.google.android.gms:play-services-maps:17.0.0] AndroidManifest.xml:28:9-32
52
53    <application
54        android:name="android.app.Application"
55        android:appComponentFactory="androidx.core.app.CoreComponentFactory"
55-->[androidx.core:core:1.6.0] AndroidManifest.xml:24:18-86
56        android:debuggable="true"
57        android:icon="@mipmap/ic_launcher"
58        android:label="flutter_razorpay_demo" >
59        <activity
60            android:name="com.example.flutter_razorpay_demo.MainActivity"
61            android:configChanges="orientation|keyboardHidden|keyboard|screenSize|smallestScreenSize|locale|layoutDirection|fontScale|screenLayout|density|uiMode"
62            android:exported="true"
63            android:hardwareAccelerated="true"
64            android:launchMode="singleTop"
65            android:theme="@style/LaunchTheme"
66            android:windowSoftInputMode="adjustResize" >
67
68            <!--
69                 Specifies an Android theme to apply to this Activity as soon as
70                 the Android process has started. This theme is visible to the user
71                 while the Flutter UI initializes. After that, this theme continues
72                 to determine the Window background behind the Flutter UI.
73            -->
74            <meta-data
75                android:name="io.flutter.embedding.android.NormalTheme"
76                android:resource="@style/NormalTheme" />
77
78            <intent-filter>
79                <action android:name="android.intent.action.MAIN" />
79-->[com.razorpay:checkout:1.6.36] AndroidManifest.xml:29:13-65
79-->[com.razorpay:checkout:1.6.36] AndroidManifest.xml:29:21-62
80
81                <category android:name="android.intent.category.LAUNCHER" />
82            </intent-filter>
83        </activity>
84        <!--
85             Don't delete the meta-data below.
86             This is used by the Flutter tool to generate GeneratedPluginRegistrant.java
87        -->
88        <meta-data
89            android:name="flutterEmbedding"
90            android:value="2" />
91
92        <receiver
92-->[com.razorpay:checkout:1.6.36] AndroidManifest.xml:42:9-49:20
93            android:name="com.razorpay.RzpTokenReceiver"
93-->[com.razorpay:checkout:1.6.36] AndroidManifest.xml:43:13-57
94            android:exported="true" >
94-->[com.razorpay:checkout:1.6.36] AndroidManifest.xml:44:13-36
95            <intent-filter>
95-->[com.razorpay:checkout:1.6.36] AndroidManifest.xml:46:13-48:29
96                <action android:name="rzp.device_token.share" />
96-->[com.razorpay:checkout:1.6.36] AndroidManifest.xml:37:13-61
96-->[com.razorpay:checkout:1.6.36] AndroidManifest.xml:37:21-58
97            </intent-filter>
98        </receiver>
99
100        <activity
100-->[com.razorpay:checkout:1.6.36] AndroidManifest.xml:51:9-59:20
101            android:name="com.razorpay.CheckoutActivity"
101-->[com.razorpay:checkout:1.6.36] AndroidManifest.xml:52:13-57
102            android:configChanges="keyboard|keyboardHidden|orientation|screenSize"
102-->[com.razorpay:checkout:1.6.36] AndroidManifest.xml:53:13-83
103            android:exported="false"
103-->[com.razorpay:checkout:1.6.36] AndroidManifest.xml:54:13-37
104            android:theme="@style/CheckoutTheme" >
104-->[com.razorpay:checkout:1.6.36] AndroidManifest.xml:55:13-49
105            <intent-filter>
105-->[com.razorpay:checkout:1.6.36] AndroidManifest.xml:56:13-58:29
106                <action android:name="android.intent.action.MAIN" />
106-->[com.razorpay:checkout:1.6.36] AndroidManifest.xml:29:13-65
106-->[com.razorpay:checkout:1.6.36] AndroidManifest.xml:29:21-62
107            </intent-filter>
108        </activity>
109
110        <meta-data
110-->[com.razorpay:checkout:1.6.36] AndroidManifest.xml:61:9-63:58
111            android:name="com.razorpay.plugin.googlepay_all"
111-->[com.razorpay:checkout:1.6.36] AndroidManifest.xml:62:13-61
112            android:value="com.razorpay.RzpGpayMerged" />
112-->[com.razorpay:checkout:1.6.36] AndroidManifest.xml:63:13-55
113
114        <uses-library
114-->[androidx.window:window:1.0.0-beta04] AndroidManifest.xml:25:9-27:40
115            android:name="androidx.window.extensions"
115-->[androidx.window:window:1.0.0-beta04] AndroidManifest.xml:26:13-54
116            android:required="false" />
116-->[androidx.window:window:1.0.0-beta04] AndroidManifest.xml:27:13-37
117        <uses-library
117-->[androidx.window:window:1.0.0-beta04] AndroidManifest.xml:28:9-30:40
118            android:name="androidx.window.sidecar"
118-->[androidx.window:window:1.0.0-beta04] AndroidManifest.xml:29:13-51
119            android:required="false" />
119-->[androidx.window:window:1.0.0-beta04] AndroidManifest.xml:30:13-37
120
121        <activity
121-->[com.google.android.gms:play-services-auth:17.0.0] AndroidManifest.xml:23:9-27:75
122            android:name="com.google.android.gms.auth.api.signin.internal.SignInHubActivity"
122-->[com.google.android.gms:play-services-auth:17.0.0] AndroidManifest.xml:24:13-93
123            android:excludeFromRecents="true"
123-->[com.google.android.gms:play-services-auth:17.0.0] AndroidManifest.xml:25:13-46
124            android:exported="false"
124-->[com.google.android.gms:play-services-auth:17.0.0] AndroidManifest.xml:26:13-37
125            android:theme="@android:style/Theme.Translucent.NoTitleBar" />
125-->[com.google.android.gms:play-services-auth:17.0.0] AndroidManifest.xml:27:13-72
126        <!--
127            Service handling Google Sign-In user revocation. For apps that do not integrate with
128            Google Sign-In, this service will never be started.
129        -->
130        <service
130-->[com.google.android.gms:play-services-auth:17.0.0] AndroidManifest.xml:33:9-36:110
131            android:name="com.google.android.gms.auth.api.signin.RevocationBoundService"
131-->[com.google.android.gms:play-services-auth:17.0.0] AndroidManifest.xml:34:13-89
132            android:exported="true"
132-->[com.google.android.gms:play-services-auth:17.0.0] AndroidManifest.xml:35:13-36
133            android:permission="com.google.android.gms.auth.api.signin.permission.REVOCATION_NOTIFICATION" /> <!-- Needs to be explicitly declared on P+ -->
133-->[com.google.android.gms:play-services-auth:17.0.0] AndroidManifest.xml:36:13-107
134        <uses-library
134-->[com.google.android.gms:play-services-maps:17.0.0] AndroidManifest.xml:33:9-35:40
135            android:name="org.apache.http.legacy"
135-->[com.google.android.gms:play-services-maps:17.0.0] AndroidManifest.xml:34:13-50
136            android:required="false" />
136-->[com.google.android.gms:play-services-maps:17.0.0] AndroidManifest.xml:35:13-37
137
138        <activity
138-->[com.google.android.gms:play-services-base:17.5.0] AndroidManifest.xml:23:9-26:75
139            android:name="com.google.android.gms.common.api.GoogleApiActivity"
139-->[com.google.android.gms:play-services-base:17.5.0] AndroidManifest.xml:24:13-79
140            android:exported="false"
140-->[com.google.android.gms:play-services-base:17.5.0] AndroidManifest.xml:25:13-37
141            android:theme="@android:style/Theme.Translucent.NoTitleBar" />
141-->[com.google.android.gms:play-services-base:17.5.0] AndroidManifest.xml:26:13-72
142
143        <meta-data
143-->[com.google.android.gms:play-services-basement:17.6.0] AndroidManifest.xml:23:9-25:69
144            android:name="com.google.android.gms.version"
144-->[com.google.android.gms:play-services-basement:17.6.0] AndroidManifest.xml:24:13-58
145            android:value="@integer/google_play_services_version" />
145-->[com.google.android.gms:play-services-basement:17.6.0] AndroidManifest.xml:25:13-66
146    </application>
147
148</manifest>